2026-01-01 16:43:11,381 [INFO] ======================================================================
2026-01-01 16:43:11,382 [INFO] E2E AGENTIC WORKFLOW TEST
2026-01-01 16:43:11,382 [INFO] ======================================================================
2026-01-01 16:43:11,382 [INFO] 
[STEP 1] Creating new learner...
2026-01-01 16:43:11,467 [INFO]   Created learner: learner-98ce0dab
2026-01-01 16:43:11,467 [INFO] 
[STEP 2] Checking initial project state...
2026-01-01 16:43:11,513 [INFO]   Project: proj-f4b1
2026-01-01 16:43:11,514 [INFO]   Total tasks: 46
2026-01-01 16:43:11,514 [INFO]   Completed: 0
2026-01-01 16:43:11,514 [INFO]   In Progress: 0
2026-01-01 16:43:11,514 [INFO]   Blocked: 0
2026-01-01 16:43:11,514 [INFO]   Objectives: 0/71
2026-01-01 16:43:11,514 [INFO] 
[STEP 3] Getting ready work (unblocked tasks)...
2026-01-01 16:43:11,566 [INFO]   Total ready: 20
2026-01-01 16:43:11,567 [INFO]   Message: Found 20 tasks ready (0 in progress).
2026-01-01 16:43:11,567 [INFO]     [1] proj-f4b1.1.1: Understand the mission... (status: open, type: task)
2026-01-01 16:43:11,567 [INFO]     [2] proj-f4b1.2.1: Discover what tables exist... (status: open, type: task)
2026-01-01 16:43:11,567 [INFO]     [3] proj-f4b1.3.1: Find unique water source types... (status: open, type: task)
2026-01-01 16:43:11,567 [INFO]     [4] proj-f4b1.4.1: Find locations with long queue times... (status: open, type: task)
2026-01-01 16:43:11,567 [INFO]     [5] proj-f4b1.5.1: Explore the water_quality table... (status: open, type: task)
2026-01-01 16:43:11,567 [INFO]     [6] proj-f4b1.6.1: Explore the well_pollution table... (status: open, type: task)
2026-01-01 16:43:11,567 [INFO]     [7] proj-f4b1: Maji Ndogo Water Crisis - Part 1: Beginn... (status: open, type: project)
2026-01-01 16:43:11,567 [INFO]     [8] proj-f4b1.1: Introduction... (status: open, type: epic)
2026-01-01 16:43:11,567 [INFO]     [9] proj-f4b1.2: Get to Know Our Data... (status: open, type: epic)
2026-01-01 16:43:11,567 [INFO]     [10] proj-f4b1.3: Dive into Water Sources... (status: open, type: epic)
2026-01-01 16:43:11,567 [INFO] 
[STEP 4] Selecting first epic to complete...
2026-01-01 16:43:11,567 [INFO]   Epic: proj-f4b1.1 - Introduction
2026-01-01 16:43:11,568 [INFO]   Direct children (tasks): 1
2026-01-01 16:43:11,568 [INFO]     - proj-f4b1.1.1: Understand the mission...
2026-01-01 16:43:11,568 [INFO] 
[STEP 5] Working through first task and its subtasks...
2026-01-01 16:43:11,569 [INFO]   Task: proj-f4b1.1.1 - Understand the mission
2026-01-01 16:43:11,569 [INFO]   Subtasks: 3
2026-01-01 16:43:11,569 [INFO] 
  --- Processing subtask: proj-f4b1.1.1.1 ---
2026-01-01 16:43:11,569 [INFO]       Title: Read President Naledi's message...
2026-01-01 16:43:11,570 [INFO]       Initial status: open
2026-01-01 16:43:11,601 [INFO]       After start_task: in_progress
2026-01-01 16:43:11,619 [INFO]       Submission: attempt #1, passed: True
2026-01-01 16:43:11,619 [INFO]       Can close: True
2026-01-01 16:43:11,619 [ERROR]       Failed to close subtask: close_task() missing 1 required positional argument: 'reason'
2026-01-01 16:43:11,619 [INFO] 
  --- Processing subtask: proj-f4b1.1.1.2 ---
2026-01-01 16:43:11,619 [INFO]       Title: Meet your mentor Chidi Kunto...
2026-01-01 16:43:11,621 [INFO]       Initial status: open
2026-01-01 16:43:11,624 [INFO]       After start_task: open
2026-01-01 16:43:11,633 [INFO]       Submission: attempt #1, passed: True
2026-01-01 16:43:11,633 [INFO]       Can close: True
2026-01-01 16:43:11,633 [ERROR]       Failed to close subtask: close_task() missing 1 required positional argument: 'reason'
2026-01-01 16:43:11,633 [INFO] 
  --- Processing subtask: proj-f4b1.1.1.3 ---
2026-01-01 16:43:11,633 [INFO]       Title: Review the 5 tasks ahead...
2026-01-01 16:43:11,635 [INFO]       Initial status: open
2026-01-01 16:43:11,637 [INFO]       After start_task: open
2026-01-01 16:43:11,647 [INFO]       Submission: attempt #1, passed: True
2026-01-01 16:43:11,647 [INFO]       Can close: True
2026-01-01 16:43:11,647 [ERROR]       Failed to close subtask: close_task() missing 1 required positional argument: 'reason'
2026-01-01 16:43:11,647 [INFO] 
[STEP 6] Attempting to close parent task...
2026-01-01 16:43:11,648 [INFO]   Subtask proj-f4b1.1.1.1: in_progress
2026-01-01 16:43:11,648 [INFO]   Subtask proj-f4b1.1.1.2: open
2026-01-01 16:43:11,649 [INFO]   Subtask proj-f4b1.1.1.3: open
2026-01-01 16:43:11,649 [INFO]   All subtasks closed: False
2026-01-01 16:43:11,649 [INFO]   Can close task proj-f4b1.1.1: True
2026-01-01 16:43:11,653 [ERROR] Test failed with error: close_task() missing 1 required positional argument: 'reason'
Traceback (most recent call last):
  File "/Users/stefancoetzee/Documents/GitHub/beadslocal/scripts/e2e_agentic_test.py", line 226, in run_e2e_test
    await close_task(session, first_task_id, learner_id)
          ~~~~~~~~~~^^^^^^^^^^^^^^^^^^^^^^^^^^^^^^^^^^^^
TypeError: close_task() missing 1 required positional argument: 'reason'
