2026-01-01 18:04:40,768 [INFO] ======================================================================
2026-01-01 18:04:40,769 [INFO] E2E AGENTIC WORKFLOW TEST
2026-01-01 18:04:40,769 [INFO] ======================================================================
2026-01-01 18:04:40,769 [INFO] 
[STEP 1] Creating new learner...
2026-01-01 18:04:40,831 [INFO]   Created learner: learner-dd09b2cb
2026-01-01 18:04:40,831 [INFO] 
[STEP 2] Checking initial project state...
2026-01-01 18:04:40,861 [INFO]   Project: proj-f4b1
2026-01-01 18:04:40,861 [INFO]   Total tasks: 46
2026-01-01 18:04:40,861 [INFO]   Completed: 0
2026-01-01 18:04:40,861 [INFO]   In Progress: 0
2026-01-01 18:04:40,861 [INFO]   Blocked: 0
2026-01-01 18:04:40,861 [INFO]   Objectives: 0/71
2026-01-01 18:04:40,861 [INFO] 
[STEP 3] Getting ready work (unblocked tasks)...
2026-01-01 18:04:40,903 [INFO]   Total ready: 20
2026-01-01 18:04:40,903 [INFO]   Message: Found 20 tasks ready (0 in progress).
2026-01-01 18:04:40,903 [INFO]     [1] proj-f4b1.1.1: Understand the mission... (status: open, type: task)
2026-01-01 18:04:40,903 [INFO]     [2] proj-f4b1.2.1: Discover what tables exist... (status: open, type: task)
2026-01-01 18:04:40,903 [INFO]     [3] proj-f4b1.3.1: Find unique water source types... (status: open, type: task)
2026-01-01 18:04:40,903 [INFO]     [4] proj-f4b1.4.1: Find locations with long queue times... (status: open, type: task)
2026-01-01 18:04:40,903 [INFO]     [5] proj-f4b1.5.1: Explore the water_quality table... (status: open, type: task)
2026-01-01 18:04:40,903 [INFO]     [6] proj-f4b1.6.1: Explore the well_pollution table... (status: open, type: task)
2026-01-01 18:04:40,903 [INFO]     [7] proj-f4b1: Maji Ndogo Water Crisis - Part 1: Beginn... (status: open, type: project)
2026-01-01 18:04:40,903 [INFO]     [8] proj-f4b1.1: Introduction... (status: open, type: epic)
2026-01-01 18:04:40,903 [INFO]     [9] proj-f4b1.2: Get to Know Our Data... (status: open, type: epic)
2026-01-01 18:04:40,903 [INFO]     [10] proj-f4b1.3: Dive into Water Sources... (status: open, type: epic)
2026-01-01 18:04:40,903 [INFO] 
[STEP 4] Selecting first epic to complete...
2026-01-01 18:04:40,904 [INFO]   Epic: proj-f4b1.1 - Introduction
2026-01-01 18:04:40,904 [INFO]   Direct children (tasks): 1
2026-01-01 18:04:40,904 [INFO]     - proj-f4b1.1.1: Understand the mission...
2026-01-01 18:04:40,904 [INFO] 
[STEP 5] Working through first task and its subtasks...
2026-01-01 18:04:40,905 [INFO]   Task: proj-f4b1.1.1 - Understand the mission
2026-01-01 18:04:40,905 [INFO]   Subtasks: 3
2026-01-01 18:04:40,905 [INFO] 
  --- Processing subtask: proj-f4b1.1.1.1 ---
2026-01-01 18:04:40,905 [INFO]       Title: Read President Naledi's message...
2026-01-01 18:04:40,906 [INFO]       Initial status: open
2026-01-01 18:04:40,933 [INFO]       After start_task: in_progress
2026-01-01 18:04:40,946 [INFO]       Submission: attempt #1, passed: True
2026-01-01 18:04:40,946 [INFO]       Can close: True
2026-01-01 18:04:40,951 [INFO]       Auto-closed subtask: status = closed
2026-01-01 18:04:40,951 [INFO] 
  --- Processing subtask: proj-f4b1.1.1.2 ---
2026-01-01 18:04:40,951 [INFO]       Title: Meet your mentor Chidi Kunto...
2026-01-01 18:04:40,952 [INFO]       Initial status: open
2026-01-01 18:04:40,971 [INFO]       After start_task: in_progress
2026-01-01 18:04:40,978 [INFO]       Submission: attempt #1, passed: True
2026-01-01 18:04:40,978 [INFO]       Can close: True
2026-01-01 18:04:40,982 [INFO]       Auto-closed subtask: status = closed
2026-01-01 18:04:40,982 [INFO] 
  --- Processing subtask: proj-f4b1.1.1.3 ---
2026-01-01 18:04:40,982 [INFO]       Title: Review the 5 tasks ahead...
2026-01-01 18:04:40,983 [INFO]       Initial status: open
2026-01-01 18:04:41,000 [INFO]       After start_task: in_progress
2026-01-01 18:04:41,007 [INFO]       Submission: attempt #1, passed: True
2026-01-01 18:04:41,007 [INFO]       Can close: True
2026-01-01 18:04:41,011 [INFO]       Auto-closed subtask: status = closed
2026-01-01 18:04:41,011 [INFO] 
[STEP 6] Attempting to close parent task...
2026-01-01 18:04:41,012 [INFO]   Subtask proj-f4b1.1.1.1: closed
2026-01-01 18:04:41,012 [INFO]   Subtask proj-f4b1.1.1.2: closed
2026-01-01 18:04:41,013 [INFO]   Subtask proj-f4b1.1.1.3: closed
2026-01-01 18:04:41,013 [INFO]   All subtasks closed: True
2026-01-01 18:04:41,013 [INFO]   Can close task proj-f4b1.1.1: True
2026-01-01 18:04:41,020 [INFO]   Closed task proj-f4b1.1.1: status = closed
2026-01-01 18:04:41,020 [INFO] 
[STEP 7] Checking epic closure requirements...
2026-01-01 18:04:41,021 [INFO]   proj-f4b1.1.1: closed
2026-01-01 18:04:41,021 [INFO]   Tasks closed: 1/1
2026-01-01 18:04:41,021 [INFO]   Can close epic: True
2026-01-01 18:04:41,021 [INFO] 
[STEP 8] Completing remaining tasks in epic...
2026-01-01 18:04:41,022 [INFO]   proj-f4b1.1.1: Already closed, skipping
2026-01-01 18:04:41,022 [INFO] 
[STEP 9] Closing the epic...
2026-01-01 18:04:41,025 [INFO]   Can close epic now: True
2026-01-01 18:04:41,029 [INFO]   Epic closed: status = closed
2026-01-01 18:04:41,029 [INFO] 
[STEP 10] Testing work on epic 2...
2026-01-01 18:04:41,029 [INFO]   Epic 2: proj-f4b1.2 - Get to Know Our Data
2026-01-01 18:04:41,029 [INFO]   First task: proj-f4b1.2.1 - Discover what tables exist...
2026-01-01 18:04:41,030 [INFO]   Is blocked: False
2026-01-01 18:04:41,047 [INFO]   Start result: success=True, status=in_progress
2026-01-01 18:04:41,047 [INFO] 
[STEP 11] Testing go_back (reopen closed task)...
2026-01-01 18:04:41,047 [INFO]   Task to reopen: proj-f4b1.1.1.1
2026-01-01 18:04:41,047 [INFO]   Current status: closed
2026-01-01 18:04:41,048 [ERROR] Test failed with error: reopen_task() takes 3 positional arguments but 4 were given
Traceback (most recent call last):
  File "/Users/stefancoetzee/Documents/GitHub/beadslocal/scripts/e2e_agentic_test.py", line 361, in run_e2e_test
    await reopen_task(session, subtask_to_reopen.id, learner_id, "Testing go_back")
          ~~~~~~~~~~~^^^^^^^^^^^^^^^^^^^^^^^^^^^^^^^^^^^^^^^^^^^^^^^^^^^^^^^^^^^^^^
TypeError: reopen_task() takes 3 positional arguments but 4 were given
